<?xml version="1.0" encoding="UTF-8" ?>
<testsuite tests="1" failures="0" name="com.packtpub.wicket.commerce.TestHomePage" time="0.655" errors="1" skipped="0">
  <properties>
    <property name="java.runtime.name" value="Java(TM) SE Runtime Environment"/>
    <property name="sun.boot.library.path" value="C:\Program Files\Java\jdk1.8.0_60\jre\bin"/>
    <property name="java.vm.version" value="25.60-b23"/>
    <property name="java.vm.vendor" value="Oracle Corporation"/>
    <property name="maven.multiModuleProjectDirectory" value="C:\Users\jordanpa\workspace\commerce"/>
    <property name="java.vendor.url" value="http://java.oracle.com/"/>
    <property name="path.separator" value=";"/>
    <property name="guice.disable.misplaced.annotation.check" value="true"/>
    <property name="java.vm.name" value="Java HotSpot(TM) 64-Bit Server VM"/>
    <property name="file.encoding.pkg" value="sun.io"/>
    <property name="user.script" value=""/>
    <property name="user.country" value="DE"/>
    <property name="sun.java.launcher" value="SUN_STANDARD"/>
    <property name="sun.os.patch.level" value=""/>
    <property name="java.vm.specification.name" value="Java Virtual Machine Specification"/>
    <property name="user.dir" value="C:\Users\jordanpa\workspace\commerce"/>
    <property name="java.runtime.version" value="1.8.0_60-b27"/>
    <property name="java.awt.graphicsenv" value="sun.awt.Win32GraphicsEnvironment"/>
    <property name="java.endorsed.dirs" value="C:\Program Files\Java\jdk1.8.0_60\jre\lib\endorsed"/>
    <property name="os.arch" value="amd64"/>
    <property name="java.io.tmpdir" value="C:\Users\jordanpa\AppData\Local\Temp\"/>
    <property name="line.separator" value="
"/>
    <property name="java.vm.specification.vendor" value="Oracle Corporation"/>
    <property name="user.variant" value=""/>
    <property name="os.name" value="Windows 8.1"/>
    <property name="classworlds.conf" value="C:\Users\jordanpa\workspace\.metadata\.plugins\org.eclipse.m2e.launching\launches\m2conf3369279389277690766.tmp"/>
    <property name="sun.jnu.encoding" value="Cp1252"/>
    <property name="java.library.path" value="C:\Program Files\Java\jdk1.8.0_60\bin;C:\WINDOWS\Sun\Java\bin;C:\WINDOWS\system32;C:\WINDOWS;C:/Program Files/Java/jre1.8.0_65/bin/server;C:/Program Files/Java/jre1.8.0_65/bin;C:/Program Files/Java/jre1.8.0_65/lib/amd64;C:\ProgramData\Oracle\Java\javapath;C:\WINDOWS\system32;C:\WINDOWS;C:\WINDOWS\System32\Wbem;C:\WINDOWS\System32\WindowsPowerShell\v1.0\;C:\Windows\CCM;C:\Program Files\Git\cmd;C:\Program Files\TortoiseHg\;C:\Progra~1\Maven\apache-maven-3.3.3\bin;C:\Program Files\Java\jdk1.8.0_60\bin;C:\Users\jordanpa\eclipse-java-mars-1-win32-x86_64\eclipse;;."/>
    <property name="java.specification.name" value="Java Platform API Specification"/>
    <property name="java.class.version" value="52.0"/>
    <property name="sun.management.compiler" value="HotSpot 64-Bit Tiered Compilers"/>
    <property name="os.version" value="6.3"/>
    <property name="user.home" value="C:\Users\jordanpa"/>
    <property name="user.timezone" value="Europe/Berlin"/>
    <property name="java.awt.printerjob" value="sun.awt.windows.WPrinterJob"/>
    <property name="java.specification.version" value="1.8"/>
    <property name="file.encoding" value="Cp1252"/>
    <property name="user.name" value="jordanpa"/>
    <property name="java.class.path" value="/C:/Users/jordanpa/eclipse-java-mars-1-win32-x86_64/eclipse/plugins/org.eclipse.m2e.maven.runtime_1.6.2.20150902-0001/jars/plexus-classworlds-2.5.2.jar"/>
    <property name="java.vm.specification.version" value="1.8"/>
    <property name="sun.arch.data.model" value="64"/>
    <property name="java.home" value="C:\Program Files\Java\jdk1.8.0_60\jre"/>
    <property name="sun.java.command" value="org.codehaus.plexus.classworlds.launcher.Launcher -B -s C:\Program Files\Maven\apache-maven-3.3.3\conf\settings.xml install"/>
    <property name="java.specification.vendor" value="Oracle Corporation"/>
    <property name="user.language" value="de"/>
    <property name="awt.toolkit" value="sun.awt.windows.WToolkit"/>
    <property name="java.vm.info" value="mixed mode"/>
    <property name="java.version" value="1.8.0_60"/>
    <property name="java.ext.dirs" value="C:\Program Files\Java\jdk1.8.0_60\jre\lib\ext;C:\WINDOWS\Sun\Java\lib\ext"/>
    <property name="sun.boot.class.path" value="C:\Program Files\Java\jdk1.8.0_60\jre\lib\resources.jar;C:\Program Files\Java\jdk1.8.0_60\jre\lib\rt.jar;C:\Program Files\Java\jdk1.8.0_60\jre\lib\sunrsasign.jar;C:\Program Files\Java\jdk1.8.0_60\jre\lib\jsse.jar;C:\Program Files\Java\jdk1.8.0_60\jre\lib\jce.jar;C:\Program Files\Java\jdk1.8.0_60\jre\lib\charsets.jar;C:\Program Files\Java\jdk1.8.0_60\jre\lib\jfr.jar;C:\Program Files\Java\jdk1.8.0_60\jre\classes"/>
    <property name="java.vendor" value="Oracle Corporation"/>
    <property name="maven.home" value="C:\Users\jordanpa\workspace\commerce\EMBEDDED"/>
    <property name="file.separator" value="\"/>
    <property name="java.vendor.url.bug" value="http://bugreport.sun.com/bugreport/"/>
    <property name="sun.cpu.endian" value="little"/>
    <property name="sun.io.unicode.encoding" value="UnicodeLittle"/>
    <property name="sun.desktop" value="windows"/>
    <property name="sun.cpu.isalist" value="amd64"/>
  </properties>
  <testcase classname="com.packtpub.wicket.commerce.TestHomePage" name="homepageRendersSuccessfully" time="0.655">
    <error message="Can&apos;t instantiate page using constructor &apos;public com.packtpub.wicket.commerce.CheesrPage()&apos;. An exception has been thrown during construction!" type="org.apache.wicket.WicketRuntimeException">org.apache.wicket.WicketRuntimeException: Can&apos;t instantiate page using constructor &apos;public com.packtpub.wicket.commerce.CheesrPage()&apos;. An exception has been thrown during construction!
	at org.apache.wicket.session.DefaultPageFactory.newPage(DefaultPageFactory.java:180)
	at org.apache.wicket.session.DefaultPageFactory.newPage(DefaultPageFactory.java:67)
	at org.apache.wicket.DefaultMapperContext.newPageInstance(DefaultMapperContext.java:102)
	at org.apache.wicket.core.request.handler.PageProvider.resolvePageInstance(PageProvider.java:271)
	at org.apache.wicket.core.request.handler.PageProvider.getPageInstance(PageProvider.java:169)
	at org.apache.wicket.request.handler.render.PageRenderer.getPage(PageRenderer.java:78)
	at org.apache.wicket.request.handler.render.WebPageRenderer.isPageStateless(WebPageRenderer.java:287)
	at org.apache.wicket.request.handler.render.WebPageRenderer.shouldRenderPageAndWriteResponse(WebPageRenderer.java:329)
	at org.apache.wicket.request.handler.render.WebPageRenderer.respond(WebPageRenderer.java:193)
	at org.apache.wicket.util.tester.BaseWicketTester$LastPageRecordingPageRendererProvider$1.respond(BaseWicketTester.java:2747)
	at org.apache.wicket.core.request.handler.RenderPageRequestHandler.respond(RenderPageRequestHandler.java:175)
	at org.apache.wicket.request.cycle.RequestCycle$HandlerExecutor.respond(RequestCycle.java:865)
	at org.apache.wicket.request.RequestHandlerStack.execute(RequestHandlerStack.java:64)
	at org.apache.wicket.request.cycle.RequestCycle.execute(RequestCycle.java:265)
	at org.apache.wicket.request.cycle.RequestCycle.processRequest(RequestCycle.java:222)
	at org.apache.wicket.request.cycle.RequestCycle.processRequestAndDetach(RequestCycle.java:293)
	at org.apache.wicket.util.tester.BaseWicketTester.processRequest(BaseWicketTester.java:718)
	at org.apache.wicket.util.tester.BaseWicketTester.processRequest(BaseWicketTester.java:657)
	at org.apache.wicket.util.tester.BaseWicketTester.processRequest(BaseWicketTester.java:629)
	at org.apache.wicket.util.tester.BaseWicketTester.startPage(BaseWicketTester.java:1262)
	at org.apache.wicket.util.tester.BaseWicketTester.startPage(BaseWicketTester.java:1235)
	at com.packtpub.wicket.commerce.TestHomePage.homepageRendersSuccessfully(TestHomePage.java:24)
	at sun.reflect.NativeMethodAccessorImpl.invoke0(Native Method)
	at sun.reflect.NativeMethodAccessorImpl.invoke(NativeMethodAccessorImpl.java:62)
	at sun.reflect.DelegatingMethodAccessorImpl.invoke(DelegatingMethodAccessorImpl.java:43)
	at java.lang.reflect.Method.invoke(Method.java:497)
	at org.junit.runners.model.FrameworkMethod$1.runReflectiveCall(FrameworkMethod.java:50)
	at org.junit.internal.runners.model.ReflectiveCallable.run(ReflectiveCallable.java:12)
	at org.junit.runners.model.FrameworkMethod.invokeExplosively(FrameworkMethod.java:47)
	at org.junit.internal.runners.statements.InvokeMethod.evaluate(InvokeMethod.java:17)
	at org.junit.internal.runners.statements.RunBefores.evaluate(RunBefores.java:26)
	at org.junit.runners.ParentRunner.runLeaf(ParentRunner.java:325)
	at org.junit.runners.BlockJUnit4ClassRunner.runChild(BlockJUnit4ClassRunner.java:78)
	at org.junit.runners.BlockJUnit4ClassRunner.runChild(BlockJUnit4ClassRunner.java:57)
	at org.junit.runners.ParentRunner$3.run(ParentRunner.java:290)
	at org.junit.runners.ParentRunner$1.schedule(ParentRunner.java:71)
	at org.junit.runners.ParentRunner.runChildren(ParentRunner.java:288)
	at org.junit.runners.ParentRunner.access$000(ParentRunner.java:58)
	at org.junit.runners.ParentRunner$2.evaluate(ParentRunner.java:268)
	at org.junit.runners.ParentRunner.run(ParentRunner.java:363)
	at org.apache.maven.surefire.junit4.JUnit4Provider.execute(JUnit4Provider.java:252)
	at org.apache.maven.surefire.junit4.JUnit4Provider.executeTestSet(JUnit4Provider.java:141)
	at org.apache.maven.surefire.junit4.JUnit4Provider.invoke(JUnit4Provider.java:112)
	at sun.reflect.NativeMethodAccessorImpl.invoke0(Native Method)
	at sun.reflect.NativeMethodAccessorImpl.invoke(NativeMethodAccessorImpl.java:62)
	at sun.reflect.DelegatingMethodAccessorImpl.invoke(DelegatingMethodAccessorImpl.java:43)
	at java.lang.reflect.Method.invoke(Method.java:497)
	at org.apache.maven.surefire.util.ReflectionUtils.invokeMethodWithArray(ReflectionUtils.java:189)
	at org.apache.maven.surefire.booter.ProviderFactory$ProviderProxy.invoke(ProviderFactory.java:165)
	at org.apache.maven.surefire.booter.ProviderFactory.invokeProvider(ProviderFactory.java:85)
	at org.apache.maven.surefire.booter.ForkedBooter.runSuitesInProcess(ForkedBooter.java:115)
	at org.apache.maven.surefire.booter.ForkedBooter.main(ForkedBooter.java:75)
Caused by: java.lang.InstantiationException
	at sun.reflect.InstantiationExceptionConstructorAccessorImpl.newInstance(InstantiationExceptionConstructorAccessorImpl.java:48)
	at java.lang.reflect.Constructor.newInstance(Constructor.java:422)
	at org.apache.wicket.session.DefaultPageFactory.newPage(DefaultPageFactory.java:175)
	... 51 more
</error>
    <system-out>10:14:09.846 [main] INFO  org.apache.wicket.Application - [WicketTesterApplication-14ef996d-302d-45ed-b216-b129e2d88469] init: Wicket core library initializer
10:14:09.848 [main] INFO  org.apache.wicket.RequestListenerInterface - registered listener interface [RequestListenerInterface name=IBehaviorListener, method=public abstract void org.apache.wicket.behavior.IBehaviorListener.onRequest()]
10:14:09.849 [main] INFO  org.apache.wicket.RequestListenerInterface - registered listener interface [RequestListenerInterface name=IFormSubmitListener, method=public abstract void org.apache.wicket.markup.html.form.IFormSubmitListener.onFormSubmitted()]
10:14:09.849 [main] INFO  org.apache.wicket.RequestListenerInterface - registered listener interface [RequestListenerInterface name=ILinkListener, method=public abstract void org.apache.wicket.markup.html.link.ILinkListener.onLinkClicked()]
10:14:09.849 [main] INFO  org.apache.wicket.RequestListenerInterface - registered listener interface [RequestListenerInterface name=IOnChangeListener, method=public abstract void org.apache.wicket.markup.html.form.IOnChangeListener.onSelectionChanged()]
10:14:09.850 [main] INFO  org.apache.wicket.RequestListenerInterface - registered listener interface [RequestListenerInterface name=IResourceListener, method=public abstract void org.apache.wicket.IResourceListener.onResourceRequested()]
10:14:09.897 [main] WARN  RequestCycleExtra - ********************************
10:14:09.898 [main] WARN  RequestCycleExtra - Handling the following exception
org.apache.wicket.WicketRuntimeException: Can&apos;t instantiate page using constructor &apos;public com.packtpub.wicket.commerce.CheesrPage()&apos;. An exception has been thrown during construction!
	at org.apache.wicket.session.DefaultPageFactory.newPage(DefaultPageFactory.java:180) ~[wicket-core-7.1.0.jar:7.1.0]
	at org.apache.wicket.session.DefaultPageFactory.newPage(DefaultPageFactory.java:67) ~[wicket-core-7.1.0.jar:7.1.0]
	at org.apache.wicket.DefaultMapperContext.newPageInstance(DefaultMapperContext.java:102) ~[wicket-core-7.1.0.jar:7.1.0]
	at org.apache.wicket.core.request.handler.PageProvider.resolvePageInstance(PageProvider.java:271) ~[wicket-core-7.1.0.jar:7.1.0]
	at org.apache.wicket.core.request.handler.PageProvider.getPageInstance(PageProvider.java:169) ~[wicket-core-7.1.0.jar:7.1.0]
	at org.apache.wicket.request.handler.render.PageRenderer.getPage(PageRenderer.java:78) ~[wicket-core-7.1.0.jar:7.1.0]
	at org.apache.wicket.request.handler.render.WebPageRenderer.isPageStateless(WebPageRenderer.java:287) ~[wicket-core-7.1.0.jar:7.1.0]
	at org.apache.wicket.request.handler.render.WebPageRenderer.shouldRenderPageAndWriteResponse(WebPageRenderer.java:329) ~[wicket-core-7.1.0.jar:7.1.0]
	at org.apache.wicket.request.handler.render.WebPageRenderer.respond(WebPageRenderer.java:193) ~[wicket-core-7.1.0.jar:7.1.0]
	at org.apache.wicket.util.tester.BaseWicketTester$LastPageRecordingPageRendererProvider$1.respond(BaseWicketTester.java:2747) ~[wicket-core-7.1.0.jar:7.1.0]
	at org.apache.wicket.core.request.handler.RenderPageRequestHandler.respond(RenderPageRequestHandler.java:175) ~[wicket-core-7.1.0.jar:7.1.0]
	at org.apache.wicket.request.cycle.RequestCycle$HandlerExecutor.respond(RequestCycle.java:865) ~[wicket-core-7.1.0.jar:7.1.0]
	at org.apache.wicket.request.RequestHandlerStack.execute(RequestHandlerStack.java:64) ~[wicket-request-7.1.0.jar:7.1.0]
	at org.apache.wicket.request.cycle.RequestCycle.execute(RequestCycle.java:265) [wicket-core-7.1.0.jar:7.1.0]
	at org.apache.wicket.request.cycle.RequestCycle.processRequest(RequestCycle.java:222) [wicket-core-7.1.0.jar:7.1.0]
	at org.apache.wicket.request.cycle.RequestCycle.processRequestAndDetach(RequestCycle.java:293) [wicket-core-7.1.0.jar:7.1.0]
	at org.apache.wicket.util.tester.BaseWicketTester.processRequest(BaseWicketTester.java:718) [wicket-core-7.1.0.jar:7.1.0]
	at org.apache.wicket.util.tester.BaseWicketTester.processRequest(BaseWicketTester.java:657) [wicket-core-7.1.0.jar:7.1.0]
	at org.apache.wicket.util.tester.BaseWicketTester.processRequest(BaseWicketTester.java:629) [wicket-core-7.1.0.jar:7.1.0]
	at org.apache.wicket.util.tester.BaseWicketTester.startPage(BaseWicketTester.java:1262) [wicket-core-7.1.0.jar:7.1.0]
	at org.apache.wicket.util.tester.BaseWicketTester.startPage(BaseWicketTester.java:1235) [wicket-core-7.1.0.jar:7.1.0]
	at com.packtpub.wicket.commerce.TestHomePage.homepageRendersSuccessfully(TestHomePage.java:24) [test-classes/:?]
	at sun.reflect.NativeMethodAccessorImpl.invoke0(Native Method) ~[?:1.8.0_60]
	at sun.reflect.NativeMethodAccessorImpl.invoke(NativeMethodAccessorImpl.java:62) ~[?:1.8.0_60]
	at sun.reflect.DelegatingMethodAccessorImpl.invoke(DelegatingMethodAccessorImpl.java:43) ~[?:1.8.0_60]
	at java.lang.reflect.Method.invoke(Method.java:497) ~[?:1.8.0_60]
	at org.junit.runners.model.FrameworkMethod$1.runReflectiveCall(FrameworkMethod.java:50) [junit-4.12.jar:4.12]
	at org.junit.internal.runners.model.ReflectiveCallable.run(ReflectiveCallable.java:12) [junit-4.12.jar:4.12]
	at org.junit.runners.model.FrameworkMethod.invokeExplosively(FrameworkMethod.java:47) [junit-4.12.jar:4.12]
	at org.junit.internal.runners.statements.InvokeMethod.evaluate(InvokeMethod.java:17) [junit-4.12.jar:4.12]
	at org.junit.internal.runners.statements.RunBefores.evaluate(RunBefores.java:26) [junit-4.12.jar:4.12]
	at org.junit.runners.ParentRunner.runLeaf(ParentRunner.java:325) [junit-4.12.jar:4.12]
	at org.junit.runners.BlockJUnit4ClassRunner.runChild(BlockJUnit4ClassRunner.java:78) [junit-4.12.jar:4.12]
	at org.junit.runners.BlockJUnit4ClassRunner.runChild(BlockJUnit4ClassRunner.java:57) [junit-4.12.jar:4.12]
	at org.junit.runners.ParentRunner$3.run(ParentRunner.java:290) [junit-4.12.jar:4.12]
	at org.junit.runners.ParentRunner$1.schedule(ParentRunner.java:71) [junit-4.12.jar:4.12]
	at org.junit.runners.ParentRunner.runChildren(ParentRunner.java:288) [junit-4.12.jar:4.12]
	at org.junit.runners.ParentRunner.access$000(ParentRunner.java:58) [junit-4.12.jar:4.12]
	at org.junit.runners.ParentRunner$2.evaluate(ParentRunner.java:268) [junit-4.12.jar:4.12]
	at org.junit.runners.ParentRunner.run(ParentRunner.java:363) [junit-4.12.jar:4.12]
	at org.apache.maven.surefire.junit4.JUnit4Provider.execute(JUnit4Provider.java:252) [surefire-junit4-2.12.4.jar:2.12.4]
	at org.apache.maven.surefire.junit4.JUnit4Provider.executeTestSet(JUnit4Provider.java:141) [surefire-junit4-2.12.4.jar:2.12.4]
	at org.apache.maven.surefire.junit4.JUnit4Provider.invoke(JUnit4Provider.java:112) [surefire-junit4-2.12.4.jar:2.12.4]
	at sun.reflect.NativeMethodAccessorImpl.invoke0(Native Method) ~[?:1.8.0_60]
	at sun.reflect.NativeMethodAccessorImpl.invoke(NativeMethodAccessorImpl.java:62) ~[?:1.8.0_60]
	at sun.reflect.DelegatingMethodAccessorImpl.invoke(DelegatingMethodAccessorImpl.java:43) ~[?:1.8.0_60]
	at java.lang.reflect.Method.invoke(Method.java:497) ~[?:1.8.0_60]
	at org.apache.maven.surefire.util.ReflectionUtils.invokeMethodWithArray(ReflectionUtils.java:189) [surefire-api-2.12.4.jar:2.12.4]
	at org.apache.maven.surefire.booter.ProviderFactory$ProviderProxy.invoke(ProviderFactory.java:165) [surefire-booter-2.12.4.jar:2.12.4]
	at org.apache.maven.surefire.booter.ProviderFactory.invokeProvider(ProviderFactory.java:85) [surefire-booter-2.12.4.jar:2.12.4]
	at org.apache.maven.surefire.booter.ForkedBooter.runSuitesInProcess(ForkedBooter.java:115) [surefire-booter-2.12.4.jar:2.12.4]
	at org.apache.maven.surefire.booter.ForkedBooter.main(ForkedBooter.java:75) [surefire-booter-2.12.4.jar:2.12.4]
Caused by: java.lang.InstantiationException
	at sun.reflect.InstantiationExceptionConstructorAccessorImpl.newInstance(InstantiationExceptionConstructorAccessorImpl.java:48) ~[?:1.8.0_60]
	at java.lang.reflect.Constructor.newInstance(Constructor.java:422) ~[?:1.8.0_60]
	at org.apache.wicket.session.DefaultPageFactory.newPage(DefaultPageFactory.java:175) ~[wicket-core-7.1.0.jar:7.1.0]
	... 51 more
10:14:09.904 [main] WARN  RequestCycleExtra - ********************************
</system-out>
  </testcase>
</testsuite>